<?xml version="1.0" encoding="UTF-8"?>
<coverage generated="1677503765221" clover="3.2.0">
  <project timestamp="1677503765221" name="All files">
    <metrics statements="30" coveredstatements="26" conditionals="10" coveredconditionals="8" methods="11" coveredmethods="9" elements="51" coveredelements="43" complexity="0" loc="30" ncloc="30" packages="1" files="4" classes="4"/>
    <file name="employee.js" path="C:\Users\Riley\Bootcamp\Team-Profile-Generator\lib\employee.js">
      <metrics statements="14" coveredstatements="12" conditionals="6" coveredconditionals="6" methods="5" coveredmethods="3"/>
      <line num="3" count="14" type="cond" truecount="2" falsecount="0"/>
      <line num="4" count="1" type="stmt"/>
      <line num="6" count="13" type="cond" truecount="2" falsecount="0"/>
      <line num="7" count="2" type="stmt"/>
      <line num="9" count="11" type="cond" truecount="2" falsecount="0"/>
      <line num="10" count="2" type="stmt"/>
      <line num="13" count="9" type="stmt"/>
      <line num="14" count="9" type="stmt"/>
      <line num="15" count="9" type="stmt"/>
      <line num="19" count="0" type="stmt"/>
      <line num="23" count="0" type="stmt"/>
      <line num="27" count="1" type="stmt"/>
      <line num="31" count="1" type="stmt"/>
      <line num="35" count="3" type="stmt"/>
    </file>
    <file name="engineer.js" path="C:\Users\Riley\Bootcamp\Team-Profile-Generator\lib\engineer.js">
      <metrics statements="0" coveredstatements="0" conditionals="0" coveredconditionals="0" methods="0" coveredmethods="0"/>
    </file>
    <file name="intern.js" path="C:\Users\Riley\Bootcamp\Team-Profile-Generator\lib\intern.js">
      <metrics statements="8" coveredstatements="7" conditionals="2" coveredconditionals="1" methods="3" coveredmethods="3"/>
      <line num="1" count="1" type="stmt"/>
      <line num="5" count="3" type="stmt"/>
      <line num="7" count="3" type="cond" truecount="1" falsecount="1"/>
      <line num="8" count="0" type="stmt"/>
      <line num="11" count="3" type="stmt"/>
      <line num="15" count="1" type="stmt"/>
      <line num="19" count="1" type="stmt"/>
      <line num="23" count="1" type="stmt"/>
    </file>
    <file name="manager.js" path="C:\Users\Riley\Bootcamp\Team-Profile-Generator\lib\manager.js">
      <metrics statements="8" coveredstatements="7" conditionals="2" coveredconditionals="1" methods="3" coveredmethods="3"/>
      <line num="1" count="1" type="stmt"/>
      <line num="5" count="3" type="stmt"/>
      <line num="7" count="3" type="cond" truecount="1" falsecount="1"/>
      <line num="8" count="0" type="stmt"/>
      <line num="11" count="3" type="stmt"/>
      <line num="15" count="1" type="stmt"/>
      <line num="19" count="1" type="stmt"/>
      <line num="23" count="1" type="stmt"/>
    </file>
  </project>
</coverage>
