TN:
SF:C:\Users\Riley\Bootcamp\Team-Profile-Generator\lib\employee.js
FN:2,(anonymous_0)
FN:18,(anonymous_1)
FN:22,(anonymous_2)
FN:26,(anonymous_3)
FN:30,(anonymous_4)
FNF:5
FNH:3
FNDA:15,(anonymous_0)
FNDA:0,(anonymous_1)
FNDA:0,(anonymous_2)
FNDA:1,(anonymous_3)
FNDA:1,(anonymous_4)
DA:3,15
DA:4,2
DA:6,13
DA:7,2
DA:9,11
DA:10,2
DA:13,9
DA:14,9
DA:15,9
DA:19,0
DA:23,0
DA:27,1
DA:31,1
DA:35,3
LF:14
LH:12
BRDA:3,0,0,2
BRDA:3,0,1,13
BRDA:6,1,0,2
BRDA:6,1,1,11
BRDA:9,2,0,2
BRDA:9,2,1,9
BRF:6
BRH:6
end_of_record
TN:
SF:C:\Users\Riley\Bootcamp\Team-Profile-Generator\lib\engineer.js
FNF:0
FNH:0
LF:0
LH:0
BRF:0
BRH:0
end_of_record
TN:
SF:C:\Users\Riley\Bootcamp\Team-Profile-Generator\lib\intern.js
FN:4,(anonymous_0)
FN:14,(anonymous_1)
FN:18,(anonymous_2)
FNF:3
FNH:3
FNDA:3,(anonymous_0)
FNDA:1,(anonymous_1)
FNDA:1,(anonymous_2)
DA:1,1
DA:5,3
DA:7,3
DA:8,0
DA:11,3
DA:15,1
DA:19,1
DA:23,1
LF:8
LH:7
BRDA:7,0,0,0
BRDA:7,0,1,3
BRF:2
BRH:1
end_of_record
TN:
SF:C:\Users\Riley\Bootcamp\Team-Profile-Generator\lib\manager.js
FN:4,(anonymous_0)
FN:14,(anonymous_1)
FN:18,(anonymous_2)
FNF:3
FNH:3
FNDA:3,(anonymous_0)
FNDA:1,(anonymous_1)
FNDA:1,(anonymous_2)
DA:1,1
DA:5,3
DA:7,3
DA:8,0
DA:11,3
DA:15,1
DA:19,1
DA:23,1
LF:8
LH:7
BRDA:7,0,0,0
BRDA:7,0,1,3
BRF:2
BRH:1
end_of_record
